"D:/pawapo/Unreal/MyProject/UE4putikon/Content/Mannequin/Character/Mesh/UE4_Mannequin_Skeleton.uasset" 0
"D:/pawapo/Unreal/MyProject/UE4putikon/Content/Mannequin/Character/Mesh/SK_Mannequin_PhysicsAsset.uasset" 1
"D:/pawapo/Unreal/MyProject/UE4putikon/Content/Mannequin/Character/Textures/T_UE4Logo_N.uasset" 2
"D:/pawapo/Unreal/MyProject/UE4putikon/Content/Mannequin/Character/Materials/MaterialLayers/T_ML_Aluminum01.uasset" 3
"D:/pawapo/Unreal/MyProject/UE4putikon/Content/Mannequin/Character/Materials/MaterialLayers/T_ML_Aluminum01_N.uasset" 4
"D:/pawapo/Unreal/MyProject/UE4putikon/Content/Mannequin/Character/Materials/MaterialLayers/ML_SoftMetal_UE4.uasset" 5
"D:/pawapo/Unreal/MyProject/UE4putikon/Content/Mannequin/Character/Textures/T_UE4Logo_Mask.uasset" 6
"D:/pawapo/Unreal/MyProject/UE4putikon/Content/Mannequin/Character/Materials/MaterialLayers/ML_Plastic_Shiny_Beige_LOGO.uasset" 7
"D:/pawapo/Unreal/MyProject/UE4putikon/Content/Mannequin/Character/Materials/MaterialLayers/ML_Plastic_Shiny_Beige.uasset" 8
"D:/pawapo/Unreal/MyProject/UE4putikon/Content/Mannequin/Character/Materials/MaterialLayers/T_ML_Rubber_Blue_01_D.uasset" 9
"D:/pawapo/Unreal/MyProject/UE4putikon/Content/Mannequin/Character/Materials/MaterialLayers/T_ML_Rubber_Blue_01_N.uasset" 10
"D:/pawapo/Unreal/MyProject/UE4putikon/Content/Mannequin/Character/Materials/MaterialLayers/ML_GlossyBlack_Latex_UE4.uasset" 11
"../../../Engine/Content/Functions/MaterialLayerFunctions/MatLayerBlend_Simple.uasset" 12
"../../../Engine/Content/Functions/Engine_MaterialFunctions02/Utility/BlendAngleCorrectedNormals.uasset" 13
"../../../Engine/Content/Functions/MaterialLayerFunctions/MatLayerBlend_NormalBlend.uasset" 14
"D:/pawapo/Unreal/MyProject/UE4putikon/Content/Mannequin/Character/Textures/T_Male_Mask.uasset" 15
"D:/pawapo/Unreal/MyProject/UE4putikon/Content/Mannequin/Character/Textures/T_Male_N.uasset" 16
"D:/pawapo/Unreal/MyProject/UE4putikon/Content/Mannequin/Character/Materials/M_Male_Body.uasset" 17
"D:/pawapo/Unreal/MyProject/UE4putikon/Content/Mannequin/Character/Materials/M_UE4Man_ChestLogo.uasset" 18
"D:/pawapo/Unreal/MyProject/UE4putikon/Content/Mannequin/Character/Mesh/SK_Mannequin.uasset" 19
"D:/pawapo/Unreal/MyProject/UE4putikon/Content/Mannequin/Character/Mesh/SK_Mannequin_Female_PhysicsAsset.uasset" 20
"D:/pawapo/Unreal/MyProject/UE4putikon/Content/Mannequin/Character/Textures/T_Female_Mask.uasset" 21
"D:/pawapo/Unreal/MyProject/UE4putikon/Content/Mannequin/Character/Textures/T_Female_N.uasset" 22
"D:/pawapo/Unreal/MyProject/UE4putikon/Content/Mannequin/Character/Materials/MI_Female_Body.uasset" 23
"D:/pawapo/Unreal/MyProject/UE4putikon/Content/Mannequin/Character/Mesh/SK_Mannequin_Female.uasset" 24
"D:/pawapo/Unreal/MyProject/UE4putikon/Content/Material/MT_Sphere.uasset" 25
"D:/pawapo/Unreal/MyProject/UE4putikon/Content/ThirdPersonBP/ThirdPersonOverview.uasset" 26
"../../../Engine/Content/BasicShapes/BasicShapeMaterial.uasset" 27
"../../../Engine/Content/EngineMaterials/T_Default_Material_Grid_N.uasset" 28
"../../../Engine/Content/EngineMaterials/T_Default_Material_Grid_M.uasset" 29
"../../../Engine/Content/Functions/Engine_MaterialFunctions01/Opacity/CameraDepthFade.uasset" 30
"../../../Engine/Content/EngineMaterials/DefaultMaterial.uasset" 31
"../../../Engine/Content/BasicShapes/Sphere.uasset" 32
"D:/pawapo/Unreal/MyProject/UE4putikon/Content/ThirdPersonBP/Blueprints/Object/BP_test.uasset" 33
"D:/pawapo/Unreal/MyProject/UE4putikon/Content/ThirdPersonBP/Blueprints/Object/NewBlueprint.uasset" 34
"../../../Engine/Content/Animation/DefaultAnimBoneCompressionSettings.uasset" 35
"../../../Engine/Content/Animation/DefaultAnimCurveCompressionSettings.uasset" 36
"../../../Engine/Content/EngineMaterials/WorldGridMaterial.uasset" 37
"../../../Engine/Content/ArtTools/RenderToTexture/Meshes/S_1_Unit_Plane.uasset" 38
"../../../Engine/Content/BasicShapes/Cone.uasset" 39
"../../../Engine/Content/BasicShapes/Plane.uasset" 40
"../../../Engine/Content/EditorLandscapeResources/DataLayer.uasset" 41
"../../../Engine/Content/EditorLandscapeResources/DefaultAlphaTexture.uasset" 42
"../../../Engine/Content/EditorMaterials/MAT_Groups_Toggle.uasset" 43
"../../../Engine/Content/EditorMaterials/MAT_Groups_Visibility.uasset" 44
"../../../Engine/Content/EditorMaterials/PreviewShadowIndicator.uasset" 45
"../../../Engine/Content/EditorMaterials/PreviewShadowIndicatorMaterial.uasset" 46
"../../../Engine/Content/EditorMaterials/MatineeGroups/MAT_ColorTrack.uasset" 47
"../../../Engine/Content/EditorMaterials/MatineeGroups/MAT_Groups_Anim.uasset" 48
"../../../Engine/Content/EditorMaterials/MatineeGroups/MAT_Groups_AudioMaster.uasset" 49
"../../../Engine/Content/EditorMaterials/MatineeGroups/MAT_Groups_Director.uasset" 50
"../../../Engine/Content/EditorMaterials/MatineeGroups/MAT_Groups_Event.uasset" 51
"../../../Engine/Content/EditorMaterials/MatineeGroups/MAT_Groups_Fade.uasset" 52
"../../../Engine/Content/EditorMaterials/MatineeGroups/MAT_Groups_Float.uasset" 53
"../../../Engine/Content/EditorMaterials/MatineeGroups/MAT_Groups_Move.uasset" 54
"../../../Engine/Content/EditorMaterials/MatineeGroups/MAT_Groups_Slomo.uasset" 55
"../../../Engine/Content/EditorMaterials/MatineeGroups/MAT_Groups_Sound.uasset" 56
"../../../Engine/Content/EditorMaterials/MatineeGroups/MAT_Groups_Vector.uasset" 57
"../../../Engine/Content/EditorMaterials/ParticleSystems/PSysThumbnail_NoImage.uasset" 58
"../../../Engine/Content/EditorMaterials/ParticleSystems/PSysThumbnail_OOD.uasset" 59
"../../../Engine/Content/EditorMaterials/Camera/CineMat.uasset" 60
"../../../Engine/Content/EditorMaterials/Camera/MI_CineMat_Rig.uasset" 61
"../../../Engine/Content/EditorMeshes/Camera/SM_CraneRig_Arm.uasset" 62
"../../../Engine/Content/EditorMeshes/Camera/SM_CraneRig_Base.uasset" 63
"../../../Engine/Content/EditorMeshes/Camera/SM_CraneRig_Body.uasset" 64
"../../../Engine/Content/EditorMeshes/Camera/SM_CraneRig_Mount.uasset" 65
"../../../Engine/Content/EditorMeshes/Camera/SM_RailRig_Mount.uasset" 66
"../../../Engine/Content/EditorMeshes/Camera/SM_RailRig_Track.uasset" 67
"../../../Engine/Content/EditorResources/BSPVertex.uasset" 68
"../../../Engine/Content/EditorResources/EmptyActor.uasset" 69
"../../../Engine/Content/EditorResources/S_Actor.uasset" 70
"../../../Engine/Content/EditorResources/S_Note.uasset" 71
"../../../Engine/Content/EditorResources/S_Solver.uasset" 72
"../../../Engine/Content/EditorResources/S_Terrain.uasset" 73
"../../../Engine/Content/EditorResources/S_Trigger.uasset" 74
"../../../Engine/Content/EditorResources/AudioIcons/S_AudioComponent_AutoActivate.uasset" 75
"../../../Engine/Content/EditorResources/LightIcons/S_LightError.uasset" 76
"../../../Engine/Content/EditorResources/SequenceRecorder/Countdown.uasset" 77
"../../../Engine/Content/EditorResources/SequenceRecorder/RecordingIndicator.uasset" 78
"../../../Engine/Content/EngineDamageTypes/DmgTypeBP_Environmental.uasset" 79
"../../../Engine/Content/EngineDebugMaterials/DebugEditorMaterial.uasset" 80
"../../../Engine/Content/EngineDebugMaterials/DebugMeshMaterial.uasset" 81
"../../../Engine/Content/EngineDebugMaterials/M_SimpleUnlitTranslucent.uasset" 82
"../../../Engine/Content/Functions/Engine_MaterialFunctions02/Utility/CameraDirectionVector.uasset" 83
"../../../Engine/Content/EngineDebugMaterials/VolumeToRender.uasset" 84
"../../../Engine/Content/EngineDebugMaterials/M_VolumeRenderSphereTracePP.uasset" 85
"../../../Engine/Content/Functions/Engine_MaterialFunctions01/Shading/ConvertFromDiffSpec.uasset" 86
"../../../Engine/Content/EngineDebugMaterials/VertexColorMaterial.uasset" 87
"../../../Engine/Content/EngineDebugMaterials/WireframeMaterial.uasset" 88
"../../../Engine/Content/EngineFonts/Faces/RobotoRegular.uasset" 89
"../../../Engine/Content/EngineFonts/Faces/RobotoLight.uasset" 90
"../../../Engine/Content/EngineFonts/Faces/RobotoItalic.uasset" 91
"../../../Engine/Content/EngineFonts/Faces/RobotoBoldItalic.uasset" 92
"../../../Engine/Content/EngineFonts/Faces/RobotoBold.uasset" 93
"../../../Engine/Content/EngineFonts/Faces/DroidSansFallback.uasset" 94
"../../../Engine/Content/EngineFonts/Roboto.uasset" 95
"../../../Engine/Content/EngineMaterials/BaseFlattenNormalMap.uasset" 96
"../../../Engine/Content/EngineMaterials/BaseFlattenGrayscaleMap.uasset" 97
"../../../Engine/Content/EngineMaterials/BaseFlattenEmissiveMap.uasset" 98
"../../../Engine/Content/EngineMaterials/BaseFlattenDiffuseMap.uasset" 99
"../../../Engine/Content/EngineMaterials/BaseFlattenMaterial.uasset" 100
"../../../Engine/Content/EngineMaterials/BlueNoise.uasset" 101
"../../../Engine/Content/EngineMaterials/DefaultBloomKernel.uasset" 102
"../../../Engine/Content/EngineMaterials/DefaultBokeh.uasset" 103
"../../../Engine/Content/EngineMaterials/DefaultDiffuse.uasset" 104
"../../../Engine/Content/EngineMaterials/DefaultDeferredDecalMaterial.uasset" 105
"../../../Engine/Content/EngineMaterials/DefaultLightFunctionMaterial.uasset" 106
"../../../Engine/Content/EngineMaterials/DefaultPhysicalMaterial.uasset" 107
"../../../Engine/Content/Functions/Engine_MaterialFunctions02/Utility/BreakOutFloat2Components.uasset" 108
"../../../Engine/Content/EngineMaterials/DefaultPostProcessMaterial.uasset" 109
"../../../Engine/Content/EngineFonts/RobotoDistanceField.uasset" 110
"../../../Engine/Content/EngineMaterials/DefaultTextMaterialOpaque.uasset" 111
"../../../Engine/Content/EngineMaterials/DefaultWhiteGrid.uasset" 112
"../../../Engine/Content/EngineMaterials/DefaultWhiteGrid_Low.uasset" 113
"../../../Engine/Content/EngineMaterials/EmissiveMeshMaterial.uasset" 114
"../../../Engine/Content/EngineMaterials/GizmoMaterial.uasset" 115
"../../../Engine/Content/EngineMaterials/Good64x64TilingNoiseHighFreq.uasset" 116
"../../../Engine/Content/EngineMaterials/MiniFont.uasset" 117
"../../../Engine/Content/EngineMaterials/InvalidLightmapSettings.uasset" 118
"../../../Engine/Content/EngineMaterials/M_InvalidLightmapSettings.uasset" 119
"../../../Engine/Content/Functions/Engine_MaterialFunctions02/WorldPositionOffset/CameraOffset.uasset" 120
"../../../Engine/Content/EngineMaterials/PhAT_JointLimitMaterial.uasset" 121
"../../../Engine/Content/EngineMaterials/PreintegratedSkinBRDF.uasset" 122
"../../../Engine/Content/EngineMaterials/RemoveSurfaceMaterial.uasset" 123
"../../../Engine/Content/EngineMaterials/WeightMapPlaceholderTexture.uasset" 124
"../../../Engine/Content/EngineResources/WhiteSquareTexture.uasset" 125
"../../../Engine/Content/EngineMaterials/Widget3DPassThrough.uasset" 126
"../../../Engine/Content/EngineMaterials/Widget3DPassThrough_Masked.uasset" 127
"../../../Engine/Content/EngineMaterials/Widget3DPassThrough_Opaque.uasset" 128
"../../../Engine/Content/EngineMaterials/Widget3DPassThrough_Masked_OneSided.uasset" 129
"../../../Engine/Content/EngineMaterials/Widget3DPassThrough_Opaque_OneSided.uasset" 130
"../../../Engine/Content/EngineMaterials/Widget3DPassThrough_Translucent.uasset" 131
"../../../Engine/Content/EngineMaterials/Widget3DPassThrough_Translucent_OneSided.uasset" 132
"../../../Engine/Content/EngineMeshes/Cylinder.uasset" 133
"../../../Engine/Content/EngineMeshes/Sphere.uasset" 134
"../../../Engine/Content/EngineResources/Black.uasset" 135
"../../../Engine/Content/EngineResources/DefaultTextureCube.uasset" 136
"../../../Engine/Content/EngineResources/DefaultVolumeTexture2D.uasset" 137
"../../../Engine/Content/EngineResources/DefaultVolumeTexture.uasset" 138
"../../../Engine/Content/EngineResources/GradientTexture0.uasset" 139
"../../../Engine/Content/EngineSky/VolumetricClouds/T_NoiseShape64.uasset" 140
"../../../Engine/Content/EngineSky/VolumetricClouds/T_VolumeNoiseShape64.uasset" 141
"../../../Engine/Content/EngineSky/VolumetricClouds/T_NoiseErosion.uasset" 142
"../../../Engine/Content/EngineSky/VolumetricClouds/T_VolumeNoiseErosion32.uasset" 143
"../../../Engine/Content/Functions/Engine_MaterialFunctions02/Utility/MakeFloat2.uasset" 144
"../../../Engine/Content/EngineSky/VolumetricClouds/CloudWeatherTexture.uasset" 145
"../../../Engine/Content/EngineSky/VolumetricClouds/CloudGradientTexture.uasset" 146
"../../../Engine/Content/EngineSky/VolumetricClouds/m_SimpleVolumetricCloud.uasset" 147
"../../../Engine/Content/EngineSky/VolumetricClouds/m_SimpleVolumetricCloud_Inst.uasset" 148
"../../../Engine/Content/EngineSounds/Master.uasset" 149
"../../../Engine/Content/Functions/Engine_MaterialFunctions01/Shading/PowerToRoughness.uasset" 150
"../../../Engine/Content/Maps/Templates/Thumbnails/Default.uasset" 151
"../../../Engine/Content/Maps/Templates/Thumbnails/TimeOfDay.uasset" 152
"../../../Engine/Content/Maps/Templates/Thumbnails/VR-Basic.uasset" 153
"../../../Engine/Content/MobileResources/T_MobileControls_texture.uasset" 154
"../../../Engine/Content/MobileResources/T_MobileMenu2.uasset" 155
"../../../Engine/Content/MobileResources/HUD/AnalogHat.uasset" 156
"../../../Engine/Content/MobileResources/HUD/VirtualJoystick_Thumb.uasset" 157
"../../../Engine/Content/MobileResources/HUD/VirtualJoystick_Background.uasset" 158
"../../../Engine/Content/MobileResources/HUD/DefaultVirtualJoysticks.uasset" 159
"../../../Engine/Content/MobileResources/HUD/LeftVirtualJoystickOnly.uasset" 160
"../../../Engine/Content/MobileResources/HUD/MobileHUDButton1_off.uasset" 161
"../../../Engine/Content/MobileResources/HUD/MobileHUDButton1_on.uasset" 162
"../../../Engine/Content/MobileResources/HUD/MobileHUDButton2_off.uasset" 163
"../../../Engine/Content/MobileResources/HUD/MobileHUDButton2_on.uasset" 164
"../../../Engine/Content/MobileResources/HUD/MobileHUDButton3.uasset" 165
"../../../Engine/Content/MobileResources/HUD/MobileHUDButtonFire.uasset" 166
"../../../Engine/Content/MobileResources/HUD/MobileHUDDirectionPad.uasset" 167
"../../../Engine/Content/MobileResources/HUD/MobileHUDDirectionPad2.uasset" 168
"../../../Engine/Content/MobileResources/HUD/MobileHUDDirectionPad3.uasset" 169
"../../../Engine/Content/MobileResources/HUD/MobileHUDDirectionStick.uasset" 170
"../../../Engine/Content/MobileResources/HUD/T_Castle_ThumbstickInner.uasset" 171
"../../../Engine/Content/MobileResources/HUD/T_Castle_ThumbstickOutter.uasset" 172
"../../../Engine/Content/Tutorial/ContentIntroCurve.uasset" 173
"../../../Engine/Content/Tutorial/Basics/LevelEditorAttract.uasset" 174
"../../../Engine/Content/Tutorial/Basics/TutorialAssets/icon_tab_Levels_40x.uasset" 175
"../../../Engine/Content/Tutorial/Basics/LevelEditorOverview.uasset" 176
"../../../Engine/Content/Tutorial/BlueprintTutorials/TutorialAssets/Blueprint_64x.uasset" 177
"../../../Engine/Content/Tutorial/BlueprintTutorials/BlueprintEditorTutorial.uasset" 178
"../../../Engine/Content/Tutorial/BlueprintTutorials/LevelBlueprintEditorOverview.uasset" 179
"../../../Engine/Content/VREditor/TransformGizmo/TranslucentTransformGizmoMaterial.uasset" 180
"../../../Engine/Content/VREditor/LaserPointer/VR_LaserPower_01.uasset" 181
"../../../Engine/Content/VREditor/TransformGizmo/TransformGizmoMaterial.uasset" 182
"../../../Engine/Content/VREditor/TransformGizmo/BoundingBoxCorner.uasset" 183
"../../../Engine/Content/VREditor/TransformGizmo/BoundingBoxEdge.uasset" 184
"../../../Engine/Content/VREditor/TransformGizmo/PlaneTranslationHandle.uasset" 185
"../../../Engine/Content/VREditor/TransformGizmo/Xray.uasset" 186
"../../../Engine/Content/VREditor/TransformGizmo/Main.uasset" 187
"../../../Engine/Content/VREditor/TransformGizmo/SM_Sequencer_Key.uasset" 188
"../../../Engine/Content/VREditor/TransformGizmo/SM_Sequencer_Node.uasset" 189
"../../Plugins/2D/Paper2D/Content/PlaceholderTextures/DummySpriteTexture.uasset" 190
"../../Plugins/2D/Paper2D/Content/DummySprite.uasset" 191
"../../Plugins/2D/Paper2D/Content/DefaultPaperTerrainMaterial.uasset" 192
"../../Plugins/2D/Paper2D/Content/DefaultSpriteMaterial.uasset" 193
"../../Plugins/2D/Paper2D/Content/MaskedUnlitSpriteMaterial.uasset" 194
"../../Plugins/2D/Paper2D/Content/OpaqueUnlitSpriteMaterial.uasset" 195
"../../../Engine/Content/Functions/Engine_MaterialFunctions02/Utility/BreakOutFloat3Components.uasset" 196
"../../../Engine/Content/Functions/Engine_MaterialFunctions02/ObjectLocalBounds.uasset" 197
"../../Plugins/Editor/SpeedTreeImporter/Content/SpeedTree9/UnpackInteger3.uasset" 198
"../../Plugins/Editor/SpeedTreeImporter/Content/SpeedTree9/UnpackDirection.uasset" 199
"../../Plugins/Editor/SpeedTreeImporter/Content/SpeedTree9/game_wind_noise.uasset" 200
"../../../Engine/Content/Functions/Engine_MaterialFunctions02/SafeNormalize.uasset" 201
"../../Plugins/Editor/SpeedTreeImporter/Content/SpeedTree9/SpeedTreeWindMotion.uasset" 202
"../../Plugins/Editor/SpeedTreeImporter/Content/SpeedTree9/SpeedTreeBranchMotion.uasset" 203
"../../../Engine/Content/Functions/Engine_MaterialFunctions02/UVs/BoundingBoxBased_0-1_UVW.uasset" 204
"../../Plugins/Editor/SpeedTreeImporter/Content/SpeedTree9/SpeedTreeWind.uasset" 205
"../../Plugins/Editor/SpeedTreeImporter/Content/SpeedTree9/SpeedTreeBillboard.uasset" 206
"../../../Engine/Content/EngineResources/DefaultTexture.uasset" 207
"../../Plugins/Editor/SpeedTreeImporter/Content/SpeedTree9/SpeedTreeBillboardMaster.uasset" 208
"../../Plugins/Editor/SpeedTreeImporter/Content/SpeedTree9/SpeedTreeCameraFacing.uasset" 209
"../../Plugins/Editor/SpeedTreeImporter/Content/SpeedTree9/SpeedTreeMaster.uasset" 210
"../../../Engine/Content/ArtTools/RenderToTexture/Materials/Debug/M_Emissive_Color.uasset" 211
"../../../Engine/Content/BasicShapes/Cylinder.uasset" 212
"../../Plugins/Lumin/MagicLeapPassableWorld/Content/MagicLeapARPinInfoActor.uasset" 213
"../../../Engine/Content/Functions/Engine_MaterialFunctions02/Utility/MakeFloat3.uasset" 214
"../../../Engine/Content/Functions/Engine_MaterialFunctions02/Utility/BreakOutFloat4Components.uasset" 215
"../../Plugins/Runtime/Oculus/OculusVR/Content/Materials/OculusMR_ChromaKey.uasset" 216
"../../Plugins/Runtime/Oculus/OculusVR/Content/Materials/OculusMR_OpaqueColoredMaterial.uasset" 217
"../../Plugins/Runtime/Oculus/OculusVR/Content/Materials/PokeAHoleMaterial.uasset" 218
"../../../Engine/Content/EngineSky/T_Sky_Stars.uasset" 219
"../../../Engine/Content/EngineSky/T_Sky_Clouds_M.uasset" 220
"../../../Engine/Content/EngineSky/T_Sky_Blue.uasset" 221
"../../../Engine/Content/EngineSky/M_Sky_Panning_Clouds2.uasset" 222
"D:/pawapo/Unreal/MyProject/UE4putikon/Content/ThirdPersonBP/Maps/END_BuiltData.uasset" 223
"../../../Engine/Content/EditorBlueprintResources/StandardMacros.uasset" 224
"../../../Engine/Content/EngineSky/SM_SkySphere.uasset" 225
"../../../Engine/Content/EngineSky/C_Sky_Zenith_Color.uasset" 226
"../../../Engine/Content/EngineSky/C_Sky_Horizon_Color.uasset" 227
"../../../Engine/Content/EngineSky/C_Sky_Cloud_Color.uasset" 228
"../../../Engine/Content/EngineSky/BP_Sky_Sphere.uasset" 229
"D:/pawapo/Unreal/MyProject/UE4putikon/Content/Material/MT_Sphere2.uasset" 230
"D:/pawapo/Unreal/MyProject/UE4putikon/Content/ThirdPersonBP/Blueprints/Object/BP_Shere1.uasset" 231
"D:/pawapo/Unreal/MyProject/UE4putikon/Content/ThirdPersonBP/Blueprints/WG_END.uasset" 232
"../../Plugins/Marketplace/NinjaCharacter/Content/Mannequin/Character/Mesh/SK_Mannequin_PhysicsAsset.uasset" 233
"../../Plugins/Marketplace/NinjaCharacter/Content/Mannequin/Character/Textures/UE4Man_Logo_N.uasset" 234
"../../Plugins/Marketplace/NinjaCharacter/Content/Mannequin/Character/Textures/UE4_Mannequin_MAT_MASKA.uasset" 235
"../../Plugins/Marketplace/NinjaCharacter/Content/Mannequin/Character/Textures/UE4_Mannequin__normals.uasset" 236
"../../Plugins/Marketplace/NinjaCharacter/Content/Mannequin/Character/Materials/MaterialLayers/T_ML_Aluminum01_N.uasset" 237
"../../Plugins/Marketplace/NinjaCharacter/Content/Mannequin/Character/Materials/MaterialLayers/T_ML_Aluminum01.uasset" 238
"../../Plugins/Marketplace/NinjaCharacter/Content/Mannequin/Character/Materials/MaterialLayers/ML_SoftMetal_UE4.uasset" 239
"../../Plugins/Marketplace/NinjaCharacter/Content/Mannequin/Character/Textures/UE4_LOGO_CARD.uasset" 240
"../../Plugins/Marketplace/NinjaCharacter/Content/Mannequin/Character/Materials/MaterialLayers/ML_Plastic_Shiny_Beige_LOGO.uasset" 241
"../../Plugins/Marketplace/NinjaCharacter/Content/Mannequin/Character/Materials/MaterialLayers/ML_Plastic_Shiny_Beige.uasset" 242
"../../Plugins/Marketplace/NinjaCharacter/Content/Mannequin/Character/Materials/MaterialLayers/T_ML_Rubber_Blue_01_N.uasset" 243
"../../Plugins/Marketplace/NinjaCharacter/Content/Mannequin/Character/Materials/MaterialLayers/T_ML_Rubber_Blue_01_D.uasset" 244
"../../Plugins/Marketplace/NinjaCharacter/Content/Mannequin/Character/Materials/MaterialLayers/ML_GlossyBlack_Latex_UE4.uasset" 245
"../../Plugins/Marketplace/NinjaCharacter/Content/Mannequin/Character/Materials/M_UE4Man_Body.uasset" 246
"../../Plugins/Marketplace/NinjaCharacter/Content/Mannequin/Character/Materials/M_UE4Man_ChestLogo.uasset" 247
"../../Plugins/Marketplace/NinjaCharacter/Content/Mannequin/Character/Mesh/UE4_Mannequin_Skeleton.uasset" 248
"../../Plugins/Marketplace/NinjaCharacter/Content/Mannequin/Character/Mesh/SK_Mannequin.uasset" 249
"../../Plugins/Marketplace/NinjaCharacter/Content/Mannequin/Animations/ThirdPersonWalk.uasset" 250
"../../Plugins/Marketplace/NinjaCharacter/Content/Mannequin/Animations/ThirdPersonRun.uasset" 251
"../../Plugins/Marketplace/NinjaCharacter/Content/Mannequin/Animations/ThirdPersonIdle.uasset" 252
"../../Plugins/Marketplace/NinjaCharacter/Content/Mannequin/Animations/ThirdPerson_IdleRun_2D.uasset" 253
"../../Plugins/Marketplace/NinjaCharacter/Content/Mannequin/Animations/ThirdPerson_Jump.uasset" 254
"../../Plugins/Marketplace/NinjaCharacter/Content/Mannequin/Animations/ThirdPersonJump_Start.uasset" 255
"../../Plugins/Marketplace/NinjaCharacter/Content/Mannequin/Animations/ThirdPersonJump_Loop.uasset" 256
"../../Plugins/Marketplace/NinjaCharacter/Content/Mannequin/Animations/ThirdPerson_AnimBP.uasset" 257
"../../Plugins/Marketplace/NinjaCharacter/Content/NinjaCharacter/Blueprints/NinjaPlayerCharacter_BP.uasset" 258
"D:/pawapo/Unreal/MyProject/UE4putikon/Content/ThirdPersonBP/Blueprints/BP_Title_Player.uasset" 259
"D:/pawapo/Unreal/MyProject/UE4putikon/Content/ThirdPersonBP/Blueprints/BP_Title_GM.uasset" 260
"D:/pawapo/Unreal/MyProject/UE4putikon/Content/BGM/hyakkaryouran.uasset" 261
"D:/pawapo/Unreal/MyProject/UE4putikon/Content/ThirdPersonBP/Maps/END.umap" 262
"D:/pawapo/Unreal/MyProject/UE4putikon/Content/ThirdPersonBP/Maps/Stage_1_BuiltData.uasset" 263
"../../Plugins/Marketplace/NinjaCharacter/Content/NinjaCharacter/Blueprints/NinjaPlayerController_BP.uasset" 264
"../../Plugins/Marketplace/NinjaCharacter/Content/NinjaCharacter/Blueprints/NinjaGameMode_BP.uasset" 265
"../../../Engine/Content/BasicShapes/Cube.uasset" 266
"../../../Engine/Content/BufferVisualization/WorldNormal.uasset" 267
"../../../Engine/Content/BufferVisualization/BaseColor.uasset" 268
"D:/pawapo/Unreal/MyProject/UE4putikon/Content/SE/se_maoudamashii_system35.uasset" 269
"D:/pawapo/Unreal/MyProject/UE4putikon/Content/ThirdPersonBP/Blueprints/Object/BP_Box.uasset" 270
"D:/pawapo/Unreal/MyProject/UE4putikon/Content/ThirdPersonBP/Blueprints/Object/BP_Shere.uasset" 271
"D:/pawapo/Unreal/MyProject/UE4putikon/Content/ThirdPersonBP/Blueprints/WG_Play.uasset" 272
"D:/pawapo/Unreal/MyProject/UE4putikon/Content/ThirdPersonBP/Blueprints/WG_GameOver.uasset" 273
"D:/pawapo/Unreal/MyProject/UE4putikon/Content/ThirdPersonBP/Blueprints/WG_Clear.uasset" 274
"D:/pawapo/Unreal/MyProject/UE4putikon/Content/BGM/Sunrise.uasset" 275
"D:/pawapo/Unreal/MyProject/UE4putikon/Content/ThirdPersonBP/Maps/Stage_1.umap" 276
"D:/pawapo/Unreal/MyProject/UE4putikon/Content/ThirdPersonBP/Maps/Stage_2_BuiltData.uasset" 277
"D:/pawapo/Unreal/MyProject/UE4putikon/Content/ThirdPersonBP/Maps/Stage_2.umap" 278
"D:/pawapo/Unreal/MyProject/UE4putikon/Content/ThirdPersonBP/Maps/Stage_3_BuiltData.uasset" 279
"D:/pawapo/Unreal/MyProject/UE4putikon/Content/ThirdPersonBP/Blueprints/Object/BP_SetGra.uasset" 280
"D:/pawapo/Unreal/MyProject/UE4putikon/Content/ThirdPersonBP/Maps/Stage_3.umap" 281
"D:/pawapo/Unreal/MyProject/UE4putikon/Content/ThirdPersonBP/Maps/Stage_4_BuiltData.uasset" 282
"D:/pawapo/Unreal/MyProject/UE4putikon/Content/ThirdPersonBP/Blueprints/Object/BP_SetGra1.uasset" 283
"D:/pawapo/Unreal/MyProject/UE4putikon/Content/ThirdPersonBP/Blueprints/Object/BP_RisetGra.uasset" 284
"D:/pawapo/Unreal/MyProject/UE4putikon/Content/ThirdPersonBP/Maps/Stage_4.umap" 285
"D:/pawapo/Unreal/MyProject/UE4putikon/Content/ThirdPersonBP/Maps/ThirdPersonExampleMap_BuiltData.uasset" 286
"D:/pawapo/Unreal/MyProject/UE4putikon/Content/ThirdPerson/Meshes/RampMaterial.uasset" 287
"D:/pawapo/Unreal/MyProject/UE4putikon/Content/ThirdPerson/Meshes/RightArm_StaticMesh.uasset" 288
"D:/pawapo/Unreal/MyProject/UE4putikon/Content/ThirdPerson/Meshes/Ramp_StaticMesh.uasset" 289
"D:/pawapo/Unreal/MyProject/UE4putikon/Content/ThirdPerson/Meshes/Linear_Stair_StaticMesh.uasset" 290
"D:/pawapo/Unreal/MyProject/UE4putikon/Content/ThirdPerson/Meshes/LeftArm_StaticMesh.uasset" 291
"D:/pawapo/Unreal/MyProject/UE4putikon/Content/ThirdPerson/Meshes/Bump_StaticMesh.uasset" 292
"D:/pawapo/Unreal/MyProject/UE4putikon/Content/Geometry/Meshes/CubeMaterial.uasset" 293
"D:/pawapo/Unreal/MyProject/UE4putikon/Content/Geometry/Meshes/TemplateFloor.uasset" 294
"D:/pawapo/Unreal/MyProject/UE4putikon/Content/Geometry/Meshes/1M_Cube_Chamfer.uasset" 295
"D:/pawapo/Unreal/MyProject/UE4putikon/Content/Geometry/Meshes/1M_Cube.uasset" 296
"D:/pawapo/Unreal/MyProject/UE4putikon/Content/ThirdPersonBP/Maps/ThirdPersonExampleMap.umap" 297
"D:/pawapo/Unreal/MyProject/UE4putikon/Content/ThirdPersonBP/Maps/Title_BuiltData.uasset" 298
"../../Plugins/Marketplace/NinjaCharacter/Content/Mannequin/Character/Materials/M_UE4Man_Body2.uasset" 299
"../../Plugins/Marketplace/NinjaCharacter/Content/NinjaCharacter/Blueprints/NinjaDumbCharacter03_BP.uasset" 300
"D:/pawapo/Unreal/MyProject/UE4putikon/Content/ThirdPersonBP/Blueprints/Object/BP_Box1.uasset" 301
"D:/pawapo/Unreal/MyProject/UE4putikon/Content/ThirdPersonBP/Blueprints/WG_Title.uasset" 302
"D:/pawapo/Unreal/MyProject/UE4putikon/Content/ThirdPersonBP/Maps/Title.umap" 303
"../../../Engine/Content/Maps/Entry_BuiltData.uasset" 304
"../../../Engine/Content/Maps/Entry.umap" 305
